<?xml version="1.0" encoding="UTF-8" ?>
<testsuite failures="0" time="9.253" errors="0" skipped="0" tests="4" name="edu.unm.ece.drake.rectifier.impl.RubyRectifierTest">
  <properties>
[...]
</properties>
  <testcase time="9.139" classname="edu.unm.ece.drake.rectifier.impl.RubyRectifierTest" name="testRectificationPerformance"/>
  <testcase time="0" classname="edu.unm.ece.drake.rectifier.impl.RubyRectifierTest" name="testDibRectifier"/>
  <testcase time="0.041" classname="edu.unm.ece.drake.rectifier.impl.RubyRectifierTest" name="testJRubyPolicyEval"/>
  <testcase time="0.03" classname="edu.unm.ece.drake.rectifier.impl.RubyRectifierTest" name="testRectify"/>
</testsuite>